18:30:03 :: DEBUG :: |
|
18:30:03 :: DEBUG :: inspector answers
18:30:03 :: DEBUG :: question type ----- select character
18:30:03 :: DEBUG :: data -------------- [{'color': 'brown', 'suspect': True, 'position': 2, 'power': True}, {'color': 'grey', 'suspect': True, 'position': 1, 'power': True}, {'color': 'pink', 'suspect': True, 'position': 5, 'power': True}]
18:30:03 :: DEBUG :: response index ---- 1
18:30:03 :: DEBUG :: response ---------- {'color': 'grey', 'suspect': True, 'position': 1, 'power': True}
18:30:03 :: DEBUG :: |
|
18:30:03 :: DEBUG :: inspector answers
18:30:03 :: DEBUG :: question type ----- activate grey power
18:30:03 :: DEBUG :: data -------------- [0, 1]
18:30:03 :: DEBUG :: response index ---- 0
18:30:03 :: DEBUG :: response ---------- 0
18:30:03 :: DEBUG :: |
|
18:30:03 :: DEBUG :: inspector answers
18:30:03 :: DEBUG :: question type ----- select position
18:30:03 :: DEBUG :: data -------------- [0]
18:30:03 :: DEBUG :: response index ---- 0
18:30:03 :: DEBUG :: response ---------- 0
18:30:03 :: DEBUG :: |
|
18:30:03 :: DEBUG :: inspector answers
18:30:03 :: DEBUG :: question type ----- activate grey power
18:30:03 :: DEBUG :: data -------------- [0, 1]
18:30:03 :: DEBUG :: response index ---- 0
18:30:03 :: DEBUG :: response ---------- 0
18:30:03 :: DEBUG :: |
|
18:30:03 :: DEBUG :: inspector answers
18:30:03 :: DEBUG :: question type ----- select character
18:30:03 :: DEBUG :: data -------------- [{'color': 'brown', 'suspect': True, 'position': 2, 'power': True}, {'color': 'pink', 'suspect': True, 'position': 5, 'power': True}]
18:30:03 :: DEBUG :: response index ---- 0
18:30:03 :: DEBUG :: response ---------- {'color': 'brown', 'suspect': True, 'position': 2, 'power': True}
18:30:03 :: DEBUG :: |
|
18:30:03 :: DEBUG :: inspector answers
18:30:03 :: DEBUG :: question type ----- activate brown power
18:30:03 :: DEBUG :: data -------------- [0, 1]
18:30:03 :: DEBUG :: response index ---- 1
18:30:03 :: DEBUG :: response ---------- 1
18:30:03 :: DEBUG :: |
|
18:30:03 :: DEBUG :: inspector answers
18:30:03 :: DEBUG :: question type ----- select position
18:30:03 :: DEBUG :: data -------------- [3]
18:30:03 :: DEBUG :: response index ---- 0
18:30:03 :: DEBUG :: response ---------- 3
18:30:03 :: DEBUG :: |
|
18:30:03 :: DEBUG :: inspector answers
18:30:03 :: DEBUG :: question type ----- select character
18:30:03 :: DEBUG :: data -------------- [{'color': 'red', 'suspect': True, 'position': 4, 'power': True}, {'color': 'black', 'suspect': True, 'position': 3, 'power': True}, {'color': 'white', 'suspect': True, 'position': 0, 'power': True}, {'color': 'blue', 'suspect': True, 'position': 6, 'power': True}]
18:30:03 :: DEBUG :: response index ---- 0
18:30:03 :: DEBUG :: response ---------- {'color': 'red', 'suspect': True, 'position': 4, 'power': True}
18:30:03 :: DEBUG :: |
|
18:30:03 :: DEBUG :: inspector answers
18:30:03 :: DEBUG :: question type ----- red character power activation time
18:30:03 :: DEBUG :: data -------------- ['before', 'after']
18:30:03 :: DEBUG :: response index ---- 1
18:30:03 :: DEBUG :: response ---------- after
18:30:03 :: DEBUG :: |
|
18:30:03 :: DEBUG :: inspector answers
18:30:03 :: DEBUG :: question type ----- select position
18:30:03 :: DEBUG :: data -------------- [0, 8, 5]
18:30:03 :: DEBUG :: response index ---- 0
18:30:03 :: DEBUG :: response ---------- 0
18:30:03 :: DEBUG :: |
|
18:30:03 :: DEBUG :: inspector answers
18:30:03 :: DEBUG :: question type ----- activate red power
18:30:03 :: DEBUG :: data -------------- [0, 1]
18:30:03 :: DEBUG :: response index ---- 1
18:30:03 :: DEBUG :: response ---------- 1
18:30:03 :: DEBUG :: |
|
18:30:03 :: DEBUG :: inspector answers
18:30:03 :: DEBUG :: question type ----- select character
18:30:03 :: DEBUG :: data -------------- [{'color': 'white', 'suspect': True, 'position': 0, 'power': True}]
18:30:03 :: DEBUG :: response index ---- 0
18:30:03 :: DEBUG :: response ---------- {'color': 'white', 'suspect': True, 'position': 0, 'power': True}
18:30:03 :: DEBUG :: |
|
18:30:03 :: DEBUG :: inspector answers
18:30:03 :: DEBUG :: question type ----- select position
18:30:03 :: DEBUG :: data -------------- [1, 4]
18:30:03 :: DEBUG :: response index ---- 1
18:30:03 :: DEBUG :: response ---------- 4
18:30:03 :: DEBUG :: |
|
18:30:03 :: DEBUG :: inspector answers
18:30:03 :: DEBUG :: question type ----- activate white power
18:30:03 :: DEBUG :: data -------------- [0, 1]
18:30:03 :: DEBUG :: response index ---- 0
18:30:03 :: DEBUG :: response ---------- 0
18:30:03 :: DEBUG :: |
|
18:30:03 :: DEBUG :: inspector answers
18:30:03 :: DEBUG :: question type ----- select character
18:30:03 :: DEBUG :: data -------------- [{'color': 'brown', 'suspect': True, 'position': 7, 'power': True}, {'color': 'red', 'suspect': True, 'position': 0, 'power': True}, {'color': 'black', 'suspect': True, 'position': 7, 'power': True}]
18:30:03 :: DEBUG :: response index ---- 0
18:30:03 :: DEBUG :: response ---------- {'color': 'brown', 'suspect': True, 'position': 7, 'power': True}
18:30:03 :: DEBUG :: |
|
18:30:03 :: DEBUG :: inspector answers
18:30:03 :: DEBUG :: question type ----- activate brown power
18:30:03 :: DEBUG :: data -------------- [0, 1]
18:30:03 :: DEBUG :: response index ---- 0
18:30:03 :: DEBUG :: response ---------- 0
18:30:03 :: DEBUG :: |
|
18:30:03 :: DEBUG :: inspector answers
18:30:03 :: DEBUG :: question type ----- select position
18:30:03 :: DEBUG :: data -------------- [9, 3, 6]
18:30:03 :: DEBUG :: response index ---- 2
18:30:03 :: DEBUG :: response ---------- 6
18:30:03 :: DEBUG :: |
|
18:30:03 :: DEBUG :: inspector answers
18:30:03 :: DEBUG :: question type ----- select character
18:30:03 :: DEBUG :: data -------------- [{'color': 'red', 'suspect': True, 'position': 0, 'power': True}, {'color': 'black', 'suspect': True, 'position': 7, 'power': True}]
18:30:03 :: DEBUG :: response index ---- 1
18:30:03 :: DEBUG :: response ---------- {'color': 'black', 'suspect': True, 'position': 7, 'power': True}
18:30:03 :: DEBUG :: |
|
18:30:03 :: DEBUG :: inspector answers
18:30:03 :: DEBUG :: question type ----- select position
18:30:03 :: DEBUG :: data -------------- [9, 3, 6]
18:30:03 :: DEBUG :: response index ---- 1
18:30:03 :: DEBUG :: response ---------- 3
18:30:03 :: DEBUG :: |
|
18:30:03 :: DEBUG :: inspector answers
18:30:03 :: DEBUG :: question type ----- activate black power
18:30:03 :: DEBUG :: data -------------- [0, 1]
18:30:03 :: DEBUG :: response index ---- 0
18:30:03 :: DEBUG :: response ---------- 0
